<?xml version="1.0" encoding="UTF-8"?>
<coverage generated="1576114845045" clover="3.2.0">
  <project timestamp="1576114845045" name="All files">
    <metrics statements="27" coveredstatements="27" conditionals="25" coveredconditionals="22" methods="4" coveredmethods="4" elements="56" coveredelements="53" complexity="0" loc="27" ncloc="27" packages="2" files="3" classes="3"/>
    <package name="lib">
      <metrics statements="18" coveredstatements="18" conditionals="20" coveredconditionals="20" methods="2" coveredmethods="2"/>
      <file name="app.js" path="/Users/mikeeg/alchemy/career-track/HTTP-with-net/lib/app.js">
        <metrics statements="18" coveredstatements="18" conditionals="20" coveredconditionals="20" methods="2" coveredmethods="2"/>
        <line num="1" count="1" type="stmt"/>
        <line num="2" count="1" type="stmt"/>
        <line num="3" count="1" type="stmt"/>
        <line num="5" count="1" type="stmt"/>
        <line num="6" count="6" type="stmt"/>
        <line num="7" count="6" type="stmt"/>
        <line num="8" count="6" type="cond" truecount="4" falsecount="0"/>
        <line num="9" count="1" type="stmt"/>
        <line num="10" count="5" type="cond" truecount="4" falsecount="0"/>
        <line num="11" count="1" type="stmt"/>
        <line num="12" count="4" type="cond" truecount="4" falsecount="0"/>
        <line num="13" count="1" type="stmt"/>
        <line num="14" count="3" type="cond" truecount="4" falsecount="0"/>
        <line num="15" count="1" type="stmt"/>
        <line num="16" count="2" type="cond" truecount="4" falsecount="0"/>
        <line num="17" count="1" type="stmt"/>
        <line num="19" count="1" type="stmt"/>
        <line num="24" count="1" type="stmt"/>
      </file>
    </package>
    <package name="lib.utils">
      <metrics statements="9" coveredstatements="9" conditionals="5" coveredconditionals="2" methods="2" coveredmethods="2"/>
      <file name="createResponse.js" path="/Users/mikeeg/alchemy/career-track/HTTP-with-net/lib/utils/createResponse.js">
        <metrics statements="2" coveredstatements="2" conditionals="3" coveredconditionals="0" methods="1" coveredmethods="1"/>
        <line num="1" count="2" type="cond" truecount="0" falsecount="3"/>
        <line num="2" count="7" type="stmt"/>
      </file>
      <file name="parseRequest.js" path="/Users/mikeeg/alchemy/career-track/HTTP-with-net/lib/utils/parseRequest.js">
        <metrics statements="7" coveredstatements="7" conditionals="2" coveredconditionals="2" methods="1" coveredmethods="1"/>
        <line num="1" count="2" type="stmt"/>
        <line num="2" count="8" type="stmt"/>
        <line num="3" count="8" type="stmt"/>
        <line num="4" count="8" type="stmt"/>
        <line num="6" count="8" type="cond" truecount="2" falsecount="0"/>
        <line num="7" count="2" type="stmt"/>
        <line num="13" count="6" type="stmt"/>
      </file>
    </package>
  </project>
</coverage>
