<?xml version="1.0" encoding="UTF-8"?>
<coverage generated="1575968046692" clover="3.2.0">
  <project timestamp="1575968046692" name="All files">
    <metrics statements="7" coveredstatements="7" conditionals="5" coveredconditionals="2" methods="2" coveredmethods="2" elements="14" coveredelements="11" complexity="0" loc="7" ncloc="7" packages="1" files="2" classes="2"/>
    <file name="createResponse.js" path="/Users/mikeeg/alchemy/career-track/HTTP-with-net/lib/utils/createResponse.js">
      <metrics statements="1" coveredstatements="1" conditionals="3" coveredconditionals="0" methods="1" coveredmethods="1"/>
      <line num="1" count="1" type="cond" truecount="0" falsecount="3"/>
    </file>
    <file name="parseRequest.js" path="/Users/mikeeg/alchemy/career-track/HTTP-with-net/lib/utils/parseRequest.js">
      <metrics statements="6" coveredstatements="6" conditionals="2" coveredconditionals="2" methods="1" coveredmethods="1"/>
      <line num="1" count="1" type="stmt"/>
      <line num="2" count="2" type="stmt"/>
      <line num="3" count="2" type="stmt"/>
      <line num="5" count="2" type="cond" truecount="2" falsecount="0"/>
      <line num="6" count="1" type="stmt"/>
      <line num="12" count="1" type="stmt"/>
    </file>
  </project>
</coverage>
